Running Next.js build...
node : 'next' is not 
recognized as an 
internal or external 
command,
At line:1 char:1
+ node 
scripts/build.js > bu
ild_final_error.log 
2>&1
+ ~~~~~~~~~~~~~~~~~~~
~~~~~~~~~~~~~~~~~~~~~
~~~~~~~~~~
    + CategoryInfo   
           : NotSpe  
  cified: ('next'    
 is not r...terna    
l command,:Strin    
g) [], RemoteExc    
eption
    + FullyQualified 
   ErrorId : Native  
  CommandError
 
operable program or 
batch file.
Build failed: Error: 
Command failed: next 
build
    at 
genericNodeError (nod
e:internal/errors:983
:15)
    at wrappedFn (nod
e:internal/errors:537
:14)
    at 
checkExecSyncError (n
ode:child_process:915
:11)
    at execSync (node
:child_process:987:15
)
    at build (E:\Busi
ness\Websites\PanoraP
aths\scripts\build.js
:18:9)
    at 
Object.<anonymous> (E
:\Business\Websites\P
anoraPaths\scripts\bu
ild.js:32:1)
    at 
Module._compile (node
:internal/modules/cjs
/loader:1706:14)
    at Object..js (no
de:internal/modules/c
js/loader:1839:10)
    at Module.load (n
ode:internal/modules/
cjs/loader:1441:32)
    at 
Function._load (node:
internal/modules/cjs/
loader:1263:12) {
  status: 1,
  signal: null,
  output: [ null, 
null, null ],
  pid: 30288,
  stdout: null,
  stderr: null
}
