
> panora-travels@0.1.0 build
> node scripts/build.js

Running Next.js build...
▲ Next.js 16.1.1 (Turbopack)

  Creating an optimized production build ...
✓ Compiled successfully in 1997.9ms
  Running TypeScript ...
  Collecting page data using 11 workers ...
  Generating static pages using 11 workers (0/151) ...
  Generating static pages using 11 workers (37/151) 
  Generating static pages using 11 workers (75/151) 
⚠ metadataBase property in metadata export is not set for resolving social open graph or twitter images, using "http://localhost:3000". See https://nextjs.org/docs/app/api-reference/functions/generate-metadata#metadatabase
⨯ useSearchParams() should be wrapped in a suspense boundary at page "/destinations". Read more: https://nextjs.org/docs/messages/missing-suspense-with-csr-bailout
    at Q (E:\Business\Websites\PanoraPaths\.next\server\chunks\ssr\_f20920dd._.js:2:2111)
    at o (E:\Business\Websites\PanoraPaths\.next\server\chunks\ssr\_f20920dd._.js:4:5284)
    at v (E:\Business\Websites\PanoraPaths\.next\server\chunks\ssr\_f20920dd._.js:4:7499)
    at an (E:\Business\Websites\PanoraPaths\node_modules\next\dist\compiled\next-server\app-page-turbo.runtime.prod.js:2:84360)
    at ai (E:\Business\Websites\PanoraPaths\node_modules\next\dist\compiled\next-server\app-page-turbo.runtime.prod.js:2:86179)
    at ai (E:\Business\Websites\PanoraPaths\node_modules\next\dist\compiled\next-server\app-page-turbo.runtime.prod.js:2:104708)
    at al (E:\Business\Websites\PanoraPaths\node_modules\next\dist\compiled\next-server\app-page-turbo.runtime.prod.js:2:107953)
    at as (E:\Business\Websites\PanoraPaths\node_modules\next\dist\compiled\next-server\app-page-turbo.runtime.prod.js:2:105368)
    at am (E:\Business\Websites\PanoraPaths\node_modules\next\dist\compiled\next-server\app-page-turbo.runtime.prod.js:2:112882)
    at au (E:\Business\Websites\PanoraPaths\node_modules\next\dist\compiled\next-server\app-page-turbo.runtime.prod.js:2:109985)
Error occurred prerendering page "/destinations". Read more: https://nextjs.org/docs/messages/prerender-error
Export encountered an error on /destinations/page: /destinations, exiting the build.
⨯ Next.js build worker exited with code: 1 and signal: null
Build failed: Error: Command failed: next build
    at genericNodeError (node:internal/errors:983:15)
    at wrappedFn (node:internal/errors:537:14)
    at checkExecSyncError (node:child_process:915:11)
    at execSync (node:child_process:987:15)
    at build (E:\Business\Websites\PanoraPaths\scripts\build.js:18:9)
    at Object.<anonymous> (E:\Business\Websites\PanoraPaths\scripts\build.js:32:1)
    at Module._compile (node:internal/modules/cjs/loader:1706:14)
    at Object..js (node:internal/modules/cjs/loader:1839:10)
    at Module.load (node:internal/modules/cjs/loader:1441:32)
    at Function._load (node:internal/modules/cjs/loader:1263:12) {
  status: 1,
  signal: null,
  output: [ null, null, null ],
  pid: 43268,
  stdout: null,
  stderr: null
}
